<?xml version="1.0" encoding="UTF-8"?>
<testng-results ignored="0" total="2" passed="2" failed="0" skipped="0">
  <reporter-output>
  </reporter-output>
  <suite started-at="2023-06-19T12:37:36 IST" name="Default suite" finished-at="2023-06-19T12:37:51 IST" duration-ms="14836">
    <groups>
    </groups>
    <test started-at="2023-06-19T12:37:36 IST" name="Default test" finished-at="2023-06-19T12:37:51 IST" duration-ms="14836">
      <class name="Testcases.DP">
        <test-method is-config="true" signature="beforeTest()[pri:0, instance:Testcases.DP@3c7f66c4]" started-at="2023-06-19T12:37:36 IST" name="beforeTest" finished-at="2023-06-19T12:37:50 IST" duration-ms="13844" status="PASS">
          <reporter-output>
          </reporter-output>
        </test-method> <!-- beforeTest -->
        <test-method signature="myTest(java.lang.String)[pri:0, instance:Testcases.DP@3c7f66c4]" started-at="2023-06-19T12:37:50 IST" name="myTest" data-provider="data-provider" finished-at="2023-06-19T12:37:50 IST" duration-ms="27" status="PASS">
          <params>
            <param index="0">
              <value>
                <![CDATA[First-Value]]>
              </value>
            </param>
          </params>
          <reporter-output>
          </reporter-output>
        </test-method> <!-- myTest -->
        <test-method signature="myTest(java.lang.String)[pri:0, instance:Testcases.DP@3c7f66c4]" started-at="2023-06-19T12:37:50 IST" name="myTest" data-provider="data-provider" finished-at="2023-06-19T12:37:50 IST" duration-ms="5" status="PASS">
          <params>
            <param index="0">
              <value>
                <![CDATA[Second-Value]]>
              </value>
            </param>
          </params>
          <reporter-output>
          </reporter-output>
        </test-method> <!-- myTest -->
        <test-method is-config="true" signature="afterTest()[pri:0, instance:Testcases.DP@3c7f66c4]" started-at="2023-06-19T12:37:50 IST" name="afterTest" finished-at="2023-06-19T12:37:51 IST" duration-ms="870" status="PASS">
          <reporter-output>
          </reporter-output>
        </test-method> <!-- afterTest -->
      </class> <!-- Testcases.DP -->
    </test> <!-- Default test -->
  </suite> <!-- Default suite -->
</testng-results>
